#
# A fatal error has been detected by the Java Runtime Environment:
#
#  EXCEPTION_ACCESS_VIOLATION (0xc0000005) at pc=0x00007ff99fd624d1, pid=4420, tid=7896
#
# JRE version: OpenJDK Runtime Environment (14.0.1+7) (build 14.0.1+7)
# Java VM: OpenJDK 64-Bit Server VM (14.0.1+7, mixed mode, sharing, tiered, compressed oops, g1 gc, windows-amd64)
# Problematic frame:
# V  [jvm.dll+0x4f24d1]
#
# No core dump will be written. Minidumps are not enabled by default on client versions of Windows
#
# If you would like to submit a bug report, please visit:
#   https://bugreport.java.com/bugreport/crash.jsp
#

---------------  S U M M A R Y ------------

Command Line: --add-opens=java.base/java.lang=ALL-UNNAMED --add-opens=java.base/java.io=ALL-UNNAMED --add-opens=java.rmi/sun.rmi.transport=ALL-UNNAMED -Djava.util.logging.config.file=C:\Users\PC\AppData\Local\JetBrains\IntelliJIdea2020.1\tomcat\Unnamed_Test_Project\conf\logging.properties -Djava.util.logging.manager=org.apache.juli.ClassLoaderLogManager -Dcom.sun.management.jmxremote= -Dcom.sun.management.jmxremote.port=1099 -Dcom.sun.management.jmxremote.ssl=false -Dcom.sun.management.jmxremote.password.file=C:\Users\PC\AppData\Local\JetBrains\IntelliJIdea2020.1\tomcat\Unnamed_Test_Project\jmxremote.password -Dcom.sun.management.jmxremote.access.file=C:\Users\PC\AppData\Local\JetBrains\IntelliJIdea2020.1\tomcat\Unnamed_Test_Project\jmxremote.access -Djava.rmi.server.hostname=127.0.0.1 -Djdk.tls.ephemeralDHKeySize=2048 -Djava.protocol.handler.pkgs=org.apache.catalina.webresources -Dignore.endorsed.dirs= -Dcatalina.base=C:\Users\PC\AppData\Local\JetBrains\IntelliJIdea2020.1\tomcat\Unnamed_Test_Project -Dcatalina.home=C:\Users\PC\IdeaProjects\apache-tomcat-9.0.34 -Djava.io.tmpdir=C:\Users\PC\IdeaProjects\apache-tomcat-9.0.34\temp org.apache.catalina.startup.Bootstrap start

Host: AMD Ryzen 9 3950X 16-Core Processor            , 6 cores, 15G,  Windows 10 , 64 bit Build 17763 (10.0.17763.1158)
Time: Sat Jul  4 17:25:55 2020 ¢Dx¢D_?D¡PCRE?! elapsed time: 12 seconds (0d 0h 0m 12s)

---------------  T H R E A D  ---------------

Current thread (0x0000013a7f1f6800):  JavaThread "C2 CompilerThread0" daemon [_thread_in_native, id=7896, stack(0x0000000cb2400000,0x0000000cb2500000)]


Current CompileTask:
C2:  12073 5092       4       org.eclipse.jdt.internal.compiler.lookup.BinaryTypeBinding::createMethod (1613 bytes)

Stack: [0x0000000cb2400000,0x0000000cb2500000],  sp=0x0000000cb24fb6b0,  free space=1005k
Native frames: (J=compiled Java code, j=interpreted, Vv=VM code, C=native code)
V  [jvm.dll+0x4f24d1]
V  [jvm.dll+0x4f2c55]
V  [jvm.dll+0x18ce15]
V  [jvm.dll+0x1e5efa]
V  [jvm.dll+0x1e50b8]
V  [jvm.dll+0x1779cc]
V  [jvm.dll+0x1f4105]
V  [jvm.dll+0x1f22eb]
V  [jvm.dll+0x706a9d]
V  [jvm.dll+0x6ff8ba]
V  [jvm.dll+0x5f72c6]
C  [ucrtbase.dll+0x21ffa]
C  [KERNEL32.DLL+0x17974]
C  [ntdll.dll+0x6a271]


siginfo: EXCEPTION_ACCESS_VIOLATION (0xc0000005), reading address 0x0000093a16a8d0e0


Register to memory mapping:

RIP=0x00007ff99fd624d1 jvm.dll
RAX=0x0000093a16a8d0e0 is an unknown value
RBX=0x0000000000000002 is an unknown value
RCX=0x0 is NULL
RDX=0x0000013a1a4ab940 points into unknown readable memory: 04 00 00 00 00 00 00 00
RSP=0x0000000cb24fb6b0 is pointing into the stack for thread: 0x0000013a7f1f6800
RBP=0x0000000000000004 is an unknown value
RSI=0x0 is NULL
RDI=0x0000013a1ad99300 points into unknown readable memory: 00 00 00 00 00 00 00 00
R8 =0x0000000000000001 is an unknown value
R9 =0x00007ff9a02b0b70 jvm.dll
R10=0x0000000cb24fb6d0 is pointing into the stack for thread: 0x0000013a7f1f6800
R11=0x0 is NULL
R12=0x0000013a1a6e7f70 points into unknown readable memory: 00 00 00 00 00 00 00 00
R13=0x0000000cb24fb940 is pointing into the stack for thread: 0x0000013a7f1f6800
R14=0x0 is NULL
R15=0x0000013a18c89e60 points into unknown readable memory: 01 00 00 00 01 00 00 00


Registers:
RAX=0x0000093a16a8d0e0, RBX=0x0000000000000002, RCX=0x0000000000000000, RDX=0x0000013a1a4ab940
RSP=0x0000000cb24fb6b0, RBP=0x0000000000000004, RSI=0x0000000000000000, RDI=0x0000013a1ad99300
R8 =0x0000000000000001, R9 =0x00007ff9a02b0b70, R10=0x0000000cb24fb6d0, R11=0x0000000000000000
R12=0x0000013a1a6e7f70, R13=0x0000000cb24fb940, R14=0x0000000000000000, R15=0x0000013a18c89e60
RIP=0x00007ff99fd624d1, EFLAGS=0x0000000000010246

Top of Stack: (sp=0x0000000cb24fb6b0)
0x0000000cb24fb6b0:   0000000000000002 0000013a1ad3f070
0x0000000cb24fb6c0:   0000013a1ad99300 0000000000003641
0x0000000cb24fb6d0:   0000000200000002 0000000100000001
0x0000000cb24fb6e0:   0000000000000047 0000013a1bd26620
0x0000000cb24fb6f0:   0000013a1bd3b5c0 0000013a1ad3f070
0x0000000cb24fb700:   0000000000000400 0000000000000002
0x0000000cb24fb710:   0000013a18d613e0 0000013a7f442fe0
0x0000000cb24fb720:   0000013a1ad3f070 0000000000000002
0x0000000cb24fb730:   0000000000000010 0000000000000000
0x0000000cb24fb740:   0000000cb24fb940 00007ff99fd62c55
0x0000000cb24fb750:   0000013a1a6e7f70 0000013a18d613e0
0x0000000cb24fb760:   0000000000000000 0000000cb24fb7a0
0x0000000cb24fb770:   0000013a1a6df7d0 0000013a7e94adf0
0x0000000cb24fb780:   0000013a1ae85ca0 00000000003dc180
0x0000000cb24fb790:   0000013a1ae8a370 0000013a1ae8dc88
0x0000000cb24fb7a0:   0000013a00000040 0000013a15cfd720 

Instructions: (pc=0x00007ff99fd624d1)
0x00007ff99fd623d1:   8b f8 83 3e 00 0f 84 6f 01 00 00 48 8b 46 08 4c
0x00007ff99fd623e1:   8d 0d 89 e7 54 00 8b 4e 04 45 33 c0 4c 8b a4 24
0x00007ff99fd623f1:   a0 00 00 00 41 8b d8 89 5c 24 24 44 89 44 24 20
0x00007ff99fd62401:   48 c7 44 24 28 08 00 00 00 89 4c 24 30 4c 89 44
0x00007ff99fd62411:   24 38 48 89 44 24 40 48 89 74 24 48 4c 89 74 24
0x00007ff99fd62421:   60 45 85 c0 74 1c 41 8b c0 48 0f bc d0 8b ca 41
0x00007ff99fd62431:   d3 e8 41 ff c8 03 da 44 89 44 24 20 89 5c 24 24
0x00007ff99fd62441:   eb 28 83 7c 24 28 08 72 0e 8b 44 24 30 39 44 24
0x00007ff99fd62451:   2c 0f 83 d6 00 00 00 48 8d 4c 24 20 e8 7e ea e2
0x00007ff99fd62461:   ff 8b d8 4c 8d 0d 05 e7 54 00 85 db 0f 84 bb 00
0x00007ff99fd62471:   00 00 8b c3 48 c1 e8 08 8b f3 4c 8d 34 c5 00 00
0x00007ff99fd62481:   00 00 49 8b 47 08 49 8b 14 06 49 3b d1 75 14 8b
0x00007ff99fd62491:   d3 49 8b cf e8 56 ec e2 ff 48 8b d0 4c 8d 0d cc
0x00007ff99fd624a1:   e6 54 00 48 c1 ee 05 8b cb 83 e6 07 83 e1 1f bd
0x00007ff99fd624b1:   01 00 00 00 d3 e5 8b 0c b2 8b c1 0b c5 89 04 b2
0x00007ff99fd624c1:   23 cd 75 03 41 ff 07 85 c9 75 44 49 8b 44 24 08
0x00007ff99fd624d1:   4a 8b 0c 30 85 2c b1 75 36 48 8b 47 08 49 8b 14
0x00007ff99fd624e1:   06 49 3b d1 75 14 8b d3 48 8b cf e8 ff eb e2 ff
0x00007ff99fd624f1:   48 8b d0 4c 8d 0d 75 e6 54 00 8b 0c b2 8b c1 0b
0x00007ff99fd62501:   c5 89 04 b2 85 cd 74 15 0f 1f 80 00 00 00 00 8b
0x00007ff99fd62511:   5c 24 24 44 8b 44 24 20 e9 04 ff ff ff ff 07 8b
0x00007ff99fd62521:   5c 24 24 44 8b 44 24 20 e9 f4 fe ff ff 4c 8b a4
0x00007ff99fd62531:   24 a8 00 00 00 48 8b 9c 24 b0 00 00 00 48 8b ac
0x00007ff99fd62541:   24 b8 00 00 00 4c 8b 74 24 60 83 3f 00 4c 8b 7c
0x00007ff99fd62551:   24 58 48 8b 74 24 68 74 4b 41 8b 4c 24 4c 49 8b
0x00007ff99fd62561:   45 28 ff c9 48 89 3c c8 48 85 db 75 46 41 8b 4c
0x00007ff99fd62571:   24 4c 8b c1 c1 e8 05 3b 45 00 73 37 8b d0 83 e1
0x00007ff99fd62581:   1f 48 8b 45 08 8b 04 90 0f a3 c8 73 26 49 8b 4d
0x00007ff99fd62591:   38 49 8b d4 48 83 c4 70 41 5d 41 5c 5f 5d 5b e9
0x00007ff99fd625a1:   2b 01 c1 ff 49 8b 45 30 48 89 87 98 00 00 00 49
0x00007ff99fd625b1:   89 7d 30 48 83 c4 70 41 5d 41 5c 5f 5d 5b c3 40
0x00007ff99fd625c1:   53 55 56 57 41 54 41 55 41 56 41 57 48 83 ec 78 


Stack slot to memory mapping:
stack at sp + 0 slots: 0x0000000000000002 is an unknown value
stack at sp + 1 slots: 0x0000013a1ad3f070 points into unknown readable memory: 1a 00 00 00 47 00 00 00
stack at sp + 2 slots: 0x0000013a1ad99300 points into unknown readable memory: 00 00 00 00 00 00 00 00
stack at sp + 3 slots: 0x0000000000003641 is an unknown value
stack at sp + 4 slots: 0x0000000200000002 is an unknown value
stack at sp + 5 slots: 0x0000000100000001 is an unknown value
stack at sp + 6 slots: 0x0000000000000047 is an unknown value
stack at sp + 7 slots: 0x0000013a1bd26620 points into unknown readable memory: 0c 00 00 00 00 00 00 00


---------------  P R O C E S S  ---------------

Threads class SMR info:
_java_thread_list=0x0000013a1821d7a0, length=35, elements={
0x0000013a6ff54800, 0x0000013a7e94a000, 0x0000013a7e94c000, 0x0000013a7f1f0800,
0x0000013a7f1f3800, 0x0000013a7f1f5000, 0x0000013a7f1f6800, 0x0000013a7f1fa000,
0x0000013a7f1fd000, 0x0000013a7f316800, 0x0000013a7f3b3000, 0x0000013a7f40a800,
0x0000013a7f4b2800, 0x0000013a7f789000, 0x0000013a7f790000, 0x0000013a7f73f000,
0x0000013a7fce3000, 0x0000013a7fce4000, 0x0000013a7f7e2000, 0x0000013a7fb9f000,
0x0000013a7fb9b800, 0x0000013a7fb9e000, 0x0000013a7fb9f800, 0x0000013a7fb9c800,
0x0000013a7fba0800, 0x0000013a7fb9d000, 0x0000013a7fba1000, 0x0000013a7fba2000,
0x0000013a16210000, 0x0000013a16211000, 0x0000013a16211800, 0x0000013a16212800,
0x0000013a16214000, 0x0000013a16213000, 0x0000013a15985800
}

Java Threads: ( => current thread )
  0x0000013a6ff54800 JavaThread "main" [_thread_in_native, id=5052, stack(0x0000000cb1800000,0x0000000cb1900000)]
  0x0000013a7e94a000 JavaThread "Reference Handler" daemon [_thread_blocked, id=5616, stack(0x0000000cb1f00000,0x0000000cb2000000)]
  0x0000013a7e94c000 JavaThread "Finalizer" daemon [_thread_blocked, id=9568, stack(0x0000000cb2000000,0x0000000cb2100000)]
  0x0000013a7f1f0800 JavaThread "Signal Dispatcher" daemon [_thread_blocked, id=1136, stack(0x0000000cb2100000,0x0000000cb2200000)]
  0x0000013a7f1f3800 JavaThread "Attach Listener" daemon [_thread_blocked, id=2104, stack(0x0000000cb2200000,0x0000000cb2300000)]
  0x0000013a7f1f5000 JavaThread "Service Thread" daemon [_thread_blocked, id=11052, stack(0x0000000cb2300000,0x0000000cb2400000)]
=>0x0000013a7f1f6800 JavaThread "C2 CompilerThread0" daemon [_thread_in_native, id=7896, stack(0x0000000cb2400000,0x0000000cb2500000)]
  0x0000013a7f1fa000 JavaThread "C1 CompilerThread0" daemon [_thread_blocked, id=340, stack(0x0000000cb2500000,0x0000000cb2600000)]
  0x0000013a7f1fd000 JavaThread "Sweeper thread" daemon [_thread_blocked, id=5512, stack(0x0000000cb2600000,0x0000000cb2700000)]
  0x0000013a7f316800 JavaThread "Common-Cleaner" daemon [_thread_blocked, id=4140, stack(0x0000000cb2700000,0x0000000cb2800000)]
  0x0000013a7f3b3000 JavaThread "Notification Thread" daemon [_thread_blocked, id=1880, stack(0x0000000cb2900000,0x0000000cb2a00000)]
  0x0000013a7f40a800 JavaThread "AsyncFileHandlerWriter-1134517053" daemon [_thread_blocked, id=10272, stack(0x0000000cb2a00000,0x0000000cb2b00000)]
  0x0000013a7f4b2800 JavaThread "FileHandlerLogFilesCleaner-1" daemon [_thread_blocked, id=1824, stack(0x0000000cb2b00000,0x0000000cb2c00000)]
  0x0000013a7f789000 JavaThread "RMI TCP Accept-0" daemon [_thread_in_native, id=8360, stack(0x0000000cb2c00000,0x0000000cb2d00000)]
  0x0000013a7f790000 JavaThread "RMI TCP Accept-1099" daemon [_thread_in_native, id=1500, stack(0x0000000cb2d00000,0x0000000cb2e00000)]
  0x0000013a7f73f000 JavaThread "RMI TCP Accept-0" daemon [_thread_in_native, id=5932, stack(0x0000000cb2e00000,0x0000000cb2f00000)]
  0x0000013a7fce3000 JavaThread "RMI TCP Connection(4)-127.0.0.1" daemon [_thread_in_native, id=6064, stack(0x0000000cb3000000,0x0000000cb3100000)]
  0x0000013a7fce4000 JavaThread "RMI TCP Connection(2)-127.0.0.1" daemon [_thread_in_native, id=380, stack(0x0000000cb3100000,0x0000000cb3200000)]
  0x0000013a7f7e2000 JavaThread "RMI Scheduler(0)" daemon [_thread_blocked, id=7684, stack(0x0000000cb3200000,0x0000000cb3300000)]
  0x0000013a7fb9f000 JavaThread "http-nio-8080-BlockPoller" daemon [_thread_in_native, id=4876, stack(0x0000000cb3900000,0x0000000cb3a00000)]
  0x0000013a7fb9b800 JavaThread "Catalina-utility-1" [_thread_blocked, id=10256, stack(0x0000000cb3a00000,0x0000000cb3b00000)]
  0x0000013a7fb9e000 JavaThread "Catalina-utility-2" [_thread_blocked, id=9976, stack(0x0000000cb3b00000,0x0000000cb3c00000)]
  0x0000013a7fb9f800 JavaThread "http-nio-8080-exec-1" daemon [_thread_blocked, id=9648, stack(0x0000000cb3c00000,0x0000000cb3d00000)]
  0x0000013a7fb9c800 JavaThread "http-nio-8080-exec-2" daemon [_thread_blocked, id=9376, stack(0x0000000cb3d00000,0x0000000cb3e00000)]
  0x0000013a7fba0800 JavaThread "http-nio-8080-exec-3" daemon [_thread_blocked, id=11204, stack(0x0000000cb3e00000,0x0000000cb3f00000)]
  0x0000013a7fb9d000 JavaThread "http-nio-8080-exec-4" daemon [_thread_blocked, id=9684, stack(0x0000000cb3f00000,0x0000000cb4000000)]
  0x0000013a7fba1000 JavaThread "http-nio-8080-exec-5" daemon [_thread_blocked, id=11012, stack(0x0000000cb4000000,0x0000000cb4100000)]
  0x0000013a7fba2000 JavaThread "http-nio-8080-exec-6" daemon [_thread_blocked, id=3884, stack(0x0000000cb4100000,0x0000000cb4200000)]
  0x0000013a16210000 JavaThread "http-nio-8080-exec-7" daemon [_thread_blocked, id=4932, stack(0x0000000cb4200000,0x0000000cb4300000)]
  0x0000013a16211000 JavaThread "http-nio-8080-exec-8" daemon [_thread_blocked, id=1252, stack(0x0000000cb4300000,0x0000000cb4400000)]
  0x0000013a16211800 JavaThread "http-nio-8080-exec-9" daemon [_thread_blocked, id=5456, stack(0x0000000cb4400000,0x0000000cb4500000)]
  0x0000013a16212800 JavaThread "http-nio-8080-exec-10" daemon [_thread_blocked, id=8692, stack(0x0000000cb4500000,0x0000000cb4600000)]
  0x0000013a16214000 JavaThread "http-nio-8080-ClientPoller" daemon [_thread_in_native, id=2492, stack(0x0000000cb4600000,0x0000000cb4700000)]
  0x0000013a16213000 JavaThread "http-nio-8080-Acceptor" daemon [_thread_in_native, id=1928, stack(0x0000000cb4700000,0x0000000cb4800000)]
  0x0000013a15985800 JavaThread "C2 CompilerThread1" daemon [_thread_blocked, id=2756, stack(0x0000000cb2800000,0x0000000cb2900000)]

Other Threads:
  0x0000013a7e940000 VMThread "VM Thread" [stack: 0x0000000cb1e00000,0x0000000cb1f00000] [id=5036]
  0x0000013a7f740000 WatcherThread [stack: 0x0000000cb2f00000,0x0000000cb3000000] [id=7832]
  0x0000013a6ffbc000 GCTaskThread "GC Thread#0" [stack: 0x0000000cb1900000,0x0000000cb1a00000] [id=8356]
  0x0000013a7fa37000 GCTaskThread "GC Thread#1" [stack: 0x0000000cb3300000,0x0000000cb3400000] [id=5960]
  0x0000013a154da000 GCTaskThread "GC Thread#2" [stack: 0x0000000cb3400000,0x0000000cb3500000] [id=6172]
  0x0000013a154db000 GCTaskThread "GC Thread#3" [stack: 0x0000000cb3500000,0x0000000cb3600000] [id=9800]
  0x0000013a1543b800 GCTaskThread "GC Thread#4" [stack: 0x0000000cb3600000,0x0000000cb3700000] [id=4160]
  0x0000013a1543c000 GCTaskThread "GC Thread#5" [stack: 0x0000000cb3700000,0x0000000cb3800000] [id=5004]
  0x0000013a6ffdd800 ConcurrentGCThread "G1 Main Marker" [stack: 0x0000000cb1a00000,0x0000000cb1b00000] [id=2268]
  0x0000013a6ffdf800 ConcurrentGCThread "G1 Conc#0" [stack: 0x0000000cb1b00000,0x0000000cb1c00000] [id=2416]
  0x0000013a17138800 ConcurrentGCThread "G1 Conc#1" [stack: 0x0000000cb4800000,0x0000000cb4900000] [id=11108]
  0x0000013a7e831800 ConcurrentGCThread "G1 Refine#0" [stack: 0x0000000cb1c00000,0x0000000cb1d00000] [id=256]
  0x0000013a7f3d2000 ConcurrentGCThread "G1 Refine#1" [stack: 0x0000000cb3800000,0x0000000cb3900000] [id=3900]
  0x0000013a7e832800 ConcurrentGCThread "G1 Young RemSet Sampling" [stack: 0x0000000cb1d00000,0x0000000cb1e00000] [id=5784]

Threads with active compile tasks:
C2 CompilerThread0    12095 5092       4       org.eclipse.jdt.internal.compiler.lookup.BinaryTypeBinding::createMethod (1613 bytes)

VM state:not at safepoint (normal execution)

VM Mutex/Monitor currently owned by a thread: None

Heap address: 0x0000000700000000, size: 4096 MB, Compressed Oops mode: Zero based, Oop shift amount: 3
Narrow klass base: 0x0000000800000000, Narrow klass shift: 3
Compressed class space size: 1073741824 Address: 0x0000000800b30000

Heap:
 garbage-first heap   total 161792K, used 42436K [0x0000000700000000, 0x0000000800000000)
  region size 1024K, 27 young (27648K), 2 survivors (2048K)
 Metaspace       used 37790K, capacity 38732K, committed 38960K, reserved 1083392K
  class space    used 3864K, capacity 4143K, committed 4224K, reserved 1048576K
Heap Regions: E=young(eden), S=young(survivor), O=old, HS=humongous(starts), HC=humongous(continues), CS=collection set, F=free, OA=open archive, CA=closed archive, TAMS=top-at-mark-start (previous, next)
|   0|0x0000000700000000, 0x0000000700100000, 0x0000000700100000|100%| O|  |TAMS 0x0000000700100000, 0x0000000700000000| Untracked 
|   1|0x0000000700100000, 0x0000000700200000, 0x0000000700200000|100%| O|  |TAMS 0x0000000700200000, 0x0000000700100000| Untracked 
|   2|0x0000000700200000, 0x0000000700300000, 0x0000000700300000|100%| O|  |TAMS 0x0000000700300000, 0x0000000700200000| Untracked 
|   3|0x0000000700300000, 0x0000000700400000, 0x0000000700400000|100%| O|  |TAMS 0x0000000700400000, 0x0000000700300000| Untracked 
|   4|0x0000000700400000, 0x00000007004c3400, 0x0000000700500000| 76%| O|  |TAMS 0x00000007004c3400, 0x0000000700400000| Untracked 
|   5|0x0000000700500000, 0x0000000700600000, 0x0000000700600000|100%| O|  |TAMS 0x0000000700600000, 0x0000000700500000| Untracked 
|   6|0x0000000700600000, 0x0000000700700000, 0x0000000700700000|100%| O|  |TAMS 0x0000000700700000, 0x0000000700600000| Untracked 
|   7|0x0000000700700000, 0x0000000700800000, 0x0000000700800000|100%| O|  |TAMS 0x0000000700800000, 0x0000000700700000| Untracked 
|   8|0x0000000700800000, 0x0000000700900000, 0x0000000700900000|100%| O|  |TAMS 0x0000000700900000, 0x0000000700800000| Untracked 
|   9|0x0000000700900000, 0x0000000700a00000, 0x0000000700a00000|100%| O|  |TAMS 0x0000000700a00000, 0x0000000700900000| Untracked 
|  10|0x0000000700a00000, 0x0000000700b00000, 0x0000000700b00000|100%| O|  |TAMS 0x0000000700b00000, 0x0000000700a00000| Untracked 
|  11|0x0000000700b00000, 0x0000000700bebc00, 0x0000000700c00000| 92%| O|  |TAMS 0x0000000700bebc00, 0x0000000700b00000| Untracked 
|  12|0x0000000700c00000, 0x0000000700d00000, 0x0000000700d00000|100%| O|  |TAMS 0x0000000700c00000, 0x0000000700c00000| Untracked 
|  13|0x0000000700d00000, 0x0000000700d59600, 0x0000000700e00000| 34%| O|  |TAMS 0x0000000700d00000, 0x0000000700d00000| Untracked 
|  14|0x0000000700e00000, 0x0000000700e00000, 0x0000000700f00000|  0%| F|  |TAMS 0x0000000700e00000, 0x0000000700e00000| Untracked 
|  15|0x0000000700f00000, 0x0000000701000000, 0x0000000701000000|100%| O|  |TAMS 0x0000000700f00000, 0x0000000700f00000| Untracked 
|  16|0x0000000701000000, 0x0000000701100000, 0x0000000701100000|100%| O|  |TAMS 0x0000000701000000, 0x0000000701000000| Untracked 
|  17|0x0000000701100000, 0x0000000701100000, 0x0000000701200000|  0%| F|  |TAMS 0x0000000701100000, 0x0000000701100000| Untracked 
|  18|0x0000000701200000, 0x0000000701200000, 0x0000000701300000|  0%| F|  |TAMS 0x0000000701200000, 0x0000000701200000| Untracked 
|  19|0x0000000701300000, 0x0000000701300000, 0x0000000701400000|  0%| F|  |TAMS 0x0000000701300000, 0x0000000701300000| Untracked 
|  20|0x0000000701400000, 0x0000000701400000, 0x0000000701500000|  0%| F|  |TAMS 0x0000000701400000, 0x0000000701400000| Untracked 
|  21|0x0000000701500000, 0x0000000701500000, 0x0000000701600000|  0%| F|  |TAMS 0x0000000701500000, 0x0000000701500000| Untracked 
|  22|0x0000000701600000, 0x0000000701600000, 0x0000000701700000|  0%| F|  |TAMS 0x0000000701600000, 0x0000000701600000| Untracked 
|  23|0x0000000701700000, 0x0000000701700000, 0x0000000701800000|  0%| F|  |TAMS 0x0000000701700000, 0x0000000701700000| Untracked 
|  24|0x0000000701800000, 0x0000000701800000, 0x0000000701900000|  0%| F|  |TAMS 0x0000000701800000, 0x0000000701800000| Untracked 
|  25|0x0000000701900000, 0x0000000701900000, 0x0000000701a00000|  0%| F|  |TAMS 0x0000000701900000, 0x0000000701900000| Untracked 
|  26|0x0000000701a00000, 0x0000000701a00000, 0x0000000701b00000|  0%| F|  |TAMS 0x0000000701a00000, 0x0000000701a00000| Untracked 
|  27|0x0000000701b00000, 0x0000000701b00000, 0x0000000701c00000|  0%| F|  |TAMS 0x0000000701b00000, 0x0000000701b00000| Untracked 
|  28|0x0000000701c00000, 0x0000000701c00000, 0x0000000701d00000|  0%| F|  |TAMS 0x0000000701c00000, 0x0000000701c00000| Untracked 
|  29|0x0000000701d00000, 0x0000000701d00000, 0x0000000701e00000|  0%| F|  |TAMS 0x0000000701d00000, 0x0000000701d00000| Untracked 
|  30|0x0000000701e00000, 0x0000000701e00000, 0x0000000701f00000|  0%| F|  |TAMS 0x0000000701e00000, 0x0000000701e00000| Untracked 
|  31|0x0000000701f00000, 0x0000000701f00000, 0x0000000702000000|  0%| F|  |TAMS 0x0000000701f00000, 0x0000000701f00000| Untracked 
|  32|0x0000000702000000, 0x0000000702000000, 0x0000000702100000|  0%| F|  |TAMS 0x0000000702000000, 0x0000000702000000| Untracked 
|  33|0x0000000702100000, 0x0000000702100000, 0x0000000702200000|  0%| F|  |TAMS 0x0000000702100000, 0x0000000702100000| Untracked 
|  34|0x0000000702200000, 0x0000000702200000, 0x0000000702300000|  0%| F|  |TAMS 0x0000000702200000, 0x0000000702200000| Untracked 
|  35|0x0000000702300000, 0x0000000702300000, 0x0000000702400000|  0%| F|  |TAMS 0x0000000702300000, 0x0000000702300000| Untracked 
|  36|0x0000000702400000, 0x0000000702400000, 0x0000000702500000|  0%| F|  |TAMS 0x0000000702400000, 0x0000000702400000| Untracked 
|  37|0x0000000702500000, 0x0000000702500000, 0x0000000702600000|  0%| F|  |TAMS 0x0000000702500000, 0x0000000702500000| Untracked 
|  38|0x0000000702600000, 0x0000000702600000, 0x0000000702700000|  0%| F|  |TAMS 0x0000000702600000, 0x0000000702600000| Untracked 
|  39|0x0000000702700000, 0x0000000702700000, 0x0000000702800000|  0%| F|  |TAMS 0x0000000702700000, 0x0000000702700000| Untracked 
|  40|0x0000000702800000, 0x0000000702800000, 0x0000000702900000|  0%| F|  |TAMS 0x0000000702800000, 0x0000000702800000| Untracked 
|  41|0x0000000702900000, 0x0000000702900000, 0x0000000702a00000|  0%| F|  |TAMS 0x0000000702900000, 0x0000000702900000| Untracked 
|  42|0x0000000702a00000, 0x0000000702a00000, 0x0000000702b00000|  0%| F|  |TAMS 0x0000000702a00000, 0x0000000702a00000| Untracked 
|  43|0x0000000702b00000, 0x0000000702b00000, 0x0000000702c00000|  0%| F|  |TAMS 0x0000000702b00000, 0x0000000702b00000| Untracked 
|  44|0x0000000702c00000, 0x0000000702c00000, 0x0000000702d00000|  0%| F|  |TAMS 0x0000000702c00000, 0x0000000702c00000| Untracked 
|  45|0x0000000702d00000, 0x0000000702d00000, 0x0000000702e00000|  0%| F|  |TAMS 0x0000000702d00000, 0x0000000702d00000| Untracked 
|  46|0x0000000702e00000, 0x0000000702e00000, 0x0000000702f00000|  0%| F|  |TAMS 0x0000000702e00000, 0x0000000702e00000| Untracked 
|  47|0x0000000702f00000, 0x0000000702f00000, 0x0000000703000000|  0%| F|  |TAMS 0x0000000702f00000, 0x0000000702f00000| Untracked 
|  48|0x0000000703000000, 0x0000000703000000, 0x0000000703100000|  0%| F|  |TAMS 0x0000000703000000, 0x0000000703000000| Untracked 
|  49|0x0000000703100000, 0x0000000703100000, 0x0000000703200000|  0%| F|  |TAMS 0x0000000703100000, 0x0000000703100000| Untracked 
|  50|0x0000000703200000, 0x0000000703200000, 0x0000000703300000|  0%| F|  |TAMS 0x0000000703200000, 0x0000000703200000| Untracked 
|  51|0x0000000703300000, 0x0000000703300000, 0x0000000703400000|  0%| F|  |TAMS 0x0000000703300000, 0x0000000703300000| Untracked 
|  52|0x0000000703400000, 0x0000000703400000, 0x0000000703500000|  0%| F|  |TAMS 0x0000000703400000, 0x0000000703400000| Untracked 
|  53|0x0000000703500000, 0x0000000703500000, 0x0000000703600000|  0%| F|  |TAMS 0x0000000703500000, 0x0000000703500000| Untracked 
|  54|0x0000000703600000, 0x0000000703600000, 0x0000000703700000|  0%| F|  |TAMS 0x0000000703600000, 0x0000000703600000| Untracked 
|  55|0x0000000703700000, 0x0000000703700000, 0x0000000703800000|  0%| F|  |TAMS 0x0000000703700000, 0x0000000703700000| Untracked 
|  56|0x0000000703800000, 0x0000000703800000, 0x0000000703900000|  0%| F|  |TAMS 0x0000000703800000, 0x0000000703800000| Untracked 
|  57|0x0000000703900000, 0x0000000703900000, 0x0000000703a00000|  0%| F|  |TAMS 0x0000000703900000, 0x0000000703900000| Untracked 
|  58|0x0000000703a00000, 0x0000000703a00000, 0x0000000703b00000|  0%| F|  |TAMS 0x0000000703a00000, 0x0000000703a00000| Untracked 
|  59|0x0000000703b00000, 0x0000000703b00000, 0x0000000703c00000|  0%| F|  |TAMS 0x0000000703b00000, 0x0000000703b00000| Untracked 
|  60|0x0000000703c00000, 0x0000000703c00000, 0x0000000703d00000|  0%| F|  |TAMS 0x0000000703c00000, 0x0000000703c00000| Untracked 
|  61|0x0000000703d00000, 0x0000000703d00000, 0x0000000703e00000|  0%| F|  |TAMS 0x0000000703d00000, 0x0000000703d00000| Untracked 
|  62|0x0000000703e00000, 0x0000000703e00000, 0x0000000703f00000|  0%| F|  |TAMS 0x0000000703e00000, 0x0000000703e00000| Untracked 
|  63|0x0000000703f00000, 0x0000000703f00000, 0x0000000704000000|  0%| F|  |TAMS 0x0000000703f00000, 0x0000000703f00000| Untracked 
|  64|0x0000000704000000, 0x0000000704068c48, 0x0000000704100000| 40%| S|CS|TAMS 0x0000000704000000, 0x0000000704000000| Complete 
|  65|0x0000000704100000, 0x0000000704200000, 0x0000000704200000|100%| S|CS|TAMS 0x0000000704100000, 0x0000000704100000| Complete 
|  66|0x0000000704200000, 0x0000000704200000, 0x0000000704300000|  0%| F|  |TAMS 0x0000000704200000, 0x0000000704200000| Untracked 
|  67|0x0000000704300000, 0x0000000704300000, 0x0000000704400000|  0%| F|  |TAMS 0x0000000704300000, 0x0000000704300000| Untracked 
|  68|0x0000000704400000, 0x0000000704400000, 0x0000000704500000|  0%| F|  |TAMS 0x0000000704400000, 0x0000000704400000| Untracked 
|  69|0x0000000704500000, 0x0000000704500000, 0x0000000704600000|  0%| F|  |TAMS 0x0000000704500000, 0x0000000704500000| Untracked 
|  70|0x0000000704600000, 0x0000000704600000, 0x0000000704700000|  0%| F|  |TAMS 0x0000000704600000, 0x0000000704600000| Untracked 
|  71|0x0000000704700000, 0x0000000704700000, 0x0000000704800000|  0%| F|  |TAMS 0x0000000704700000, 0x0000000704700000| Untracked 
|  72|0x0000000704800000, 0x0000000704800000, 0x0000000704900000|  0%| F|  |TAMS 0x0000000704800000, 0x0000000704800000| Untracked 
|  73|0x0000000704900000, 0x0000000704900000, 0x0000000704a00000|  0%| F|  |TAMS 0x0000000704900000, 0x0000000704900000| Untracked 
|  74|0x0000000704a00000, 0x0000000704a00000, 0x0000000704b00000|  0%| F|  |TAMS 0x0000000704a00000, 0x0000000704a00000| Untracked 
|  75|0x0000000704b00000, 0x0000000704b00000, 0x0000000704c00000|  0%| F|  |TAMS 0x0000000704b00000, 0x0000000704b00000| Untracked 
|  76|0x0000000704c00000, 0x0000000704c00000, 0x0000000704d00000|  0%| F|  |TAMS 0x0000000704c00000, 0x0000000704c00000| Untracked 
|  77|0x0000000704d00000, 0x0000000704d00000, 0x0000000704e00000|  0%| F|  |TAMS 0x0000000704d00000, 0x0000000704d00000| Untracked 
|  78|0x0000000704e00000, 0x0000000704e00000, 0x0000000704f00000|  0%| F|  |TAMS 0x0000000704e00000, 0x0000000704e00000| Untracked 
|  79|0x0000000704f00000, 0x0000000704f00000, 0x0000000705000000|  0%| F|  |TAMS 0x0000000704f00000, 0x0000000704f00000| Untracked 
|  80|0x0000000705000000, 0x0000000705000000, 0x0000000705100000|  0%| F|  |TAMS 0x0000000705000000, 0x0000000705000000| Untracked 
|  81|0x0000000705100000, 0x0000000705100000, 0x0000000705200000|  0%| F|  |TAMS 0x0000000705100000, 0x0000000705100000| Untracked 
|  82|0x0000000705200000, 0x0000000705200000, 0x0000000705300000|  0%| F|  |TAMS 0x0000000705200000, 0x0000000705200000| Untracked 
|  83|0x0000000705300000, 0x0000000705300000, 0x0000000705400000|  0%| F|  |TAMS 0x0000000705300000, 0x0000000705300000| Untracked 
|  84|0x0000000705400000, 0x0000000705400000, 0x0000000705500000|  0%| F|  |TAMS 0x0000000705400000, 0x0000000705400000| Untracked 
|  85|0x0000000705500000, 0x0000000705500000, 0x0000000705600000|  0%| F|  |TAMS 0x0000000705500000, 0x0000000705500000| Untracked 
|  86|0x0000000705600000, 0x0000000705600000, 0x0000000705700000|  0%| F|  |TAMS 0x0000000705600000, 0x0000000705600000| Untracked 
|  87|0x0000000705700000, 0x0000000705700000, 0x0000000705800000|  0%| F|  |TAMS 0x0000000705700000, 0x0000000705700000| Untracked 
|  88|0x0000000705800000, 0x0000000705800000, 0x0000000705900000|  0%| F|  |TAMS 0x0000000705800000, 0x0000000705800000| Untracked 
|  89|0x0000000705900000, 0x0000000705900000, 0x0000000705a00000|  0%| F|  |TAMS 0x0000000705900000, 0x0000000705900000| Untracked 
|  90|0x0000000705a00000, 0x0000000705a00000, 0x0000000705b00000|  0%| F|  |TAMS 0x0000000705a00000, 0x0000000705a00000| Untracked 
|  91|0x0000000705b00000, 0x0000000705b00000, 0x0000000705c00000|  0%| F|  |TAMS 0x0000000705b00000, 0x0000000705b00000| Untracked 
|  92|0x0000000705c00000, 0x0000000705c00000, 0x0000000705d00000|  0%| F|  |TAMS 0x0000000705c00000, 0x0000000705c00000| Untracked 
|  93|0x0000000705d00000, 0x0000000705d00000, 0x0000000705e00000|  0%| F|  |TAMS 0x0000000705d00000, 0x0000000705d00000| Untracked 
|  94|0x0000000705e00000, 0x0000000705e00000, 0x0000000705f00000|  0%| F|  |TAMS 0x0000000705e00000, 0x0000000705e00000| Untracked 
|  95|0x0000000705f00000, 0x0000000705f00000, 0x0000000706000000|  0%| F|  |TAMS 0x0000000705f00000, 0x0000000705f00000| Untracked 
|  96|0x0000000706000000, 0x0000000706000000, 0x0000000706100000|  0%| F|  |TAMS 0x0000000706000000, 0x0000000706000000| Untracked 
|  97|0x0000000706100000, 0x0000000706100000, 0x0000000706200000|  0%| F|  |TAMS 0x0000000706100000, 0x0000000706100000| Untracked 
|  98|0x0000000706200000, 0x0000000706200000, 0x0000000706300000|  0%| F|  |TAMS 0x0000000706200000, 0x0000000706200000| Untracked 
|  99|0x0000000706300000, 0x0000000706300000, 0x0000000706400000|  0%| F|  |TAMS 0x0000000706300000, 0x0000000706300000| Untracked 
| 100|0x0000000706400000, 0x0000000706400000, 0x0000000706500000|  0%| F|  |TAMS 0x0000000706400000, 0x0000000706400000| Untracked 
| 101|0x0000000706500000, 0x0000000706500000, 0x0000000706600000|  0%| F|  |TAMS 0x0000000706500000, 0x0000000706500000| Untracked 
| 102|0x0000000706600000, 0x0000000706600000, 0x0000000706700000|  0%| F|  |TAMS 0x0000000706600000, 0x0000000706600000| Untracked 
| 103|0x0000000706700000, 0x0000000706700000, 0x0000000706800000|  0%| F|  |TAMS 0x0000000706700000, 0x0000000706700000| Untracked 
| 104|0x0000000706800000, 0x0000000706800000, 0x0000000706900000|  0%| F|  |TAMS 0x0000000706800000, 0x0000000706800000| Untracked 
| 105|0x0000000706900000, 0x0000000706900000, 0x0000000706a00000|  0%| F|  |TAMS 0x0000000706900000, 0x0000000706900000| Untracked 
| 106|0x0000000706a00000, 0x0000000706a00000, 0x0000000706b00000|  0%| F|  |TAMS 0x0000000706a00000, 0x0000000706a00000| Untracked 
| 107|0x0000000706b00000, 0x0000000706b00000, 0x0000000706c00000|  0%| F|  |TAMS 0x0000000706b00000, 0x0000000706b00000| Untracked 
| 108|0x0000000706c00000, 0x0000000706c00000, 0x0000000706d00000|  0%| F|  |TAMS 0x0000000706c00000, 0x0000000706c00000| Untracked 
| 109|0x0000000706d00000, 0x0000000706d00000, 0x0000000706e00000|  0%| F|  |TAMS 0x0000000706d00000, 0x0000000706d00000| Untracked 
| 110|0x0000000706e00000, 0x0000000706e00000, 0x0000000706f00000|  0%| F|  |TAMS 0x0000000706e00000, 0x0000000706e00000| Untracked 
| 111|0x0000000706f00000, 0x0000000706f00000, 0x0000000707000000|  0%| F|  |TAMS 0x0000000706f00000, 0x0000000706f00000| Untracked 
| 112|0x0000000707000000, 0x0000000707000000, 0x0000000707100000|  0%| F|  |TAMS 0x0000000707000000, 0x0000000707000000| Untracked 
| 113|0x0000000707100000, 0x0000000707100000, 0x0000000707200000|  0%| F|  |TAMS 0x0000000707100000, 0x0000000707100000| Untracked 
| 114|0x0000000707200000, 0x0000000707200000, 0x0000000707300000|  0%| F|  |TAMS 0x0000000707200000, 0x0000000707200000| Untracked 
| 115|0x0000000707300000, 0x0000000707300000, 0x0000000707400000|  0%| F|  |TAMS 0x0000000707300000, 0x0000000707300000| Untracked 
| 116|0x0000000707400000, 0x0000000707400000, 0x0000000707500000|  0%| F|  |TAMS 0x0000000707400000, 0x0000000707400000| Untracked 
| 117|0x0000000707500000, 0x0000000707500000, 0x0000000707600000|  0%| F|  |TAMS 0x0000000707500000, 0x0000000707500000| Untracked 
| 118|0x0000000707600000, 0x0000000707600000, 0x0000000707700000|  0%| F|  |TAMS 0x0000000707600000, 0x0000000707600000| Untracked 
| 119|0x0000000707700000, 0x0000000707700000, 0x0000000707800000|  0%| F|  |TAMS 0x0000000707700000, 0x0000000707700000| Untracked 
| 120|0x0000000707800000, 0x0000000707800000, 0x0000000707900000|  0%| F|  |TAMS 0x0000000707800000, 0x0000000707800000| Untracked 
| 121|0x0000000707900000, 0x0000000707900000, 0x0000000707a00000|  0%| F|  |TAMS 0x0000000707900000, 0x0000000707900000| Untracked 
| 122|0x0000000707a00000, 0x0000000707a00000, 0x0000000707b00000|  0%| F|  |TAMS 0x0000000707a00000, 0x0000000707a00000| Untracked 
| 123|0x0000000707b00000, 0x0000000707b00000, 0x0000000707c00000|  0%| F|  |TAMS 0x0000000707b00000, 0x0000000707b00000| Untracked 
| 124|0x0000000707c00000, 0x0000000707c00000, 0x0000000707d00000|  0%| F|  |TAMS 0x0000000707c00000, 0x0000000707c00000| Untracked 
| 125|0x0000000707d00000, 0x0000000707d00000, 0x0000000707e00000|  0%| F|  |TAMS 0x0000000707d00000, 0x0000000707d00000| Untracked 
| 126|0x0000000707e00000, 0x0000000707e00000, 0x0000000707f00000|  0%| F|  |TAMS 0x0000000707e00000, 0x0000000707e00000| Untracked 
| 127|0x0000000707f00000, 0x0000000707f00000, 0x0000000708000000|  0%| F|  |TAMS 0x0000000707f00000, 0x0000000707f00000| Untracked 
| 128|0x0000000708000000, 0x0000000708000000, 0x0000000708100000|  0%| F|  |TAMS 0x0000000708000000, 0x0000000708000000| Untracked 
| 129|0x0000000708100000, 0x0000000708100000, 0x0000000708200000|  0%| F|  |TAMS 0x0000000708100000, 0x0000000708100000| Untracked 
| 130|0x0000000708200000, 0x0000000708200000, 0x0000000708300000|  0%| F|  |TAMS 0x0000000708200000, 0x0000000708200000| Untracked 
| 131|0x0000000708300000, 0x0000000708300000, 0x0000000708400000|  0%| F|  |TAMS 0x0000000708300000, 0x0000000708300000| Untracked 
| 132|0x0000000708400000, 0x0000000708492510, 0x0000000708500000| 57%| E|  |TAMS 0x0000000708400000, 0x0000000708400000| Complete 
| 133|0x0000000708500000, 0x0000000708600000, 0x0000000708600000|100%| E|CS|TAMS 0x0000000708500000, 0x0000000708500000| Complete 
| 134|0x0000000708600000, 0x0000000708700000, 0x0000000708700000|100%| E|CS|TAMS 0x0000000708600000, 0x0000000708600000| Complete 
| 135|0x0000000708700000, 0x0000000708800000, 0x0000000708800000|100%| E|CS|TAMS 0x0000000708700000, 0x0000000708700000| Complete 
| 136|0x0000000708800000, 0x0000000708900000, 0x0000000708900000|100%| E|CS|TAMS 0x0000000708800000, 0x0000000708800000| Complete 
| 137|0x0000000708900000, 0x0000000708a00000, 0x0000000708a00000|100%| E|CS|TAMS 0x0000000708900000, 0x0000000708900000| Complete 
| 138|0x0000000708a00000, 0x0000000708b00000, 0x0000000708b00000|100%| E|CS|TAMS 0x0000000708a00000, 0x0000000708a00000| Complete 
| 139|0x0000000708b00000, 0x0000000708c00000, 0x0000000708c00000|100%| E|CS|TAMS 0x0000000708b00000, 0x0000000708b00000| Complete 
| 140|0x0000000708c00000, 0x0000000708d00000, 0x0000000708d00000|100%| E|CS|TAMS 0x0000000708c00000, 0x0000000708c00000| Complete 
| 141|0x0000000708d00000, 0x0000000708e00000, 0x0000000708e00000|100%| E|CS|TAMS 0x0000000708d00000, 0x0000000708d00000| Complete 
| 142|0x0000000708e00000, 0x0000000708f00000, 0x0000000708f00000|100%| E|CS|TAMS 0x0000000708e00000, 0x0000000708e00000| Complete 
| 143|0x0000000708f00000, 0x0000000709000000, 0x0000000709000000|100%| E|CS|TAMS 0x0000000708f00000, 0x0000000708f00000| Complete 
| 144|0x0000000709000000, 0x0000000709100000, 0x0000000709100000|100%| E|CS|TAMS 0x0000000709000000, 0x0000000709000000| Complete 
| 145|0x0000000709100000, 0x0000000709200000, 0x0000000709200000|100%| E|CS|TAMS 0x0000000709100000, 0x0000000709100000| Complete 
| 146|0x0000000709200000, 0x0000000709300000, 0x0000000709300000|100%| E|CS|TAMS 0x0000000709200000, 0x0000000709200000| Complete 
| 147|0x0000000709300000, 0x0000000709400000, 0x0000000709400000|100%| E|CS|TAMS 0x0000000709300000, 0x0000000709300000| Complete 
| 148|0x0000000709400000, 0x0000000709500000, 0x0000000709500000|100%| E|CS|TAMS 0x0000000709400000, 0x0000000709400000| Complete 
| 149|0x0000000709500000, 0x0000000709600000, 0x0000000709600000|100%| E|CS|TAMS 0x0000000709500000, 0x0000000709500000| Complete 
| 150|0x0000000709600000, 0x0000000709700000, 0x0000000709700000|100%| E|CS|TAMS 0x0000000709600000, 0x0000000709600000| Complete 
| 151|0x0000000709700000, 0x0000000709800000, 0x0000000709800000|100%| E|CS|TAMS 0x0000000709700000, 0x0000000709700000| Complete 
| 152|0x0000000709800000, 0x0000000709900000, 0x0000000709900000|100%| E|CS|TAMS 0x0000000709800000, 0x0000000709800000| Complete 
| 153|0x0000000709900000, 0x0000000709a00000, 0x0000000709a00000|100%| E|CS|TAMS 0x0000000709900000, 0x0000000709900000| Complete 
| 154|0x0000000709a00000, 0x0000000709b00000, 0x0000000709b00000|100%| E|CS|TAMS 0x0000000709a00000, 0x0000000709a00000| Complete 
| 155|0x0000000709b00000, 0x0000000709c00000, 0x0000000709c00000|100%| E|CS|TAMS 0x0000000709b00000, 0x0000000709b00000| Complete 
| 255|0x000000070ff00000, 0x0000000710000000, 0x0000000710000000|100%| E|CS|TAMS 0x000000070ff00000, 0x000000070ff00000| Complete 
|4095|0x00000007fff00000, 0x0000000800000000, 0x0000000800000000|100%| O|  |TAMS 0x00000007fff00000, 0x00000007fff00000| Untracked 

Card table byte_map: [0x0000013a78ff0000,0x0000013a797f0000] _byte_map_base: 0x0000013a757f0000

Marking Bits (Prev, Next): (CMBitMap*) 0x0000013a6ffbce68, (CMBitMap*) 0x0000013a6ffbcea8
 Prev Bits: [0x0000013a79ff0000, 0x0000013a7dff0000)
 Next Bits: [0x0000013a0f000000, 0x0000013a13000000)

Polling page: 0x0000013a6dd40000

Metaspace:

Usage:
  Non-class:     33.78 MB capacity,    33.13 MB ( 98%) used,   578.21 KB (  2%) free+waste,    84.31 KB ( <1%) overhead. 
      Class:      4.05 MB capacity,     3.77 MB ( 93%) used,   240.95 KB (  6%) free+waste,    37.88 KB ( <1%) overhead. 
       Both:     37.82 MB capacity,    36.90 MB ( 98%) used,   819.16 KB (  2%) free+waste,   122.19 KB ( <1%) overhead. 

Virtual space:
  Non-class space:       34.00 MB reserved,      33.92 MB (>99%) committed 
      Class space:        1.00 GB reserved,       4.13 MB ( <1%) committed 
             Both:        1.03 GB reserved,      38.05 MB (  4%) committed 

Chunk freelists:
   Non-Class:  19.00 KB
       Class:  17.00 KB
        Both:  36.00 KB

MaxMetaspaceSize: 17179869184.00 GB
CompressedClassSpaceSize: 1.00 GB

CodeHeap 'non-profiled nmethods': size=120000Kb used=3518Kb max_used=3518Kb free=116481Kb
 bounds [0x0000013a07ad0000, 0x0000013a07e40000, 0x0000013a0f000000]
CodeHeap 'profiled nmethods': size=120000Kb used=11279Kb max_used=11279Kb free=108720Kb
 bounds [0x0000013a005a0000, 0x0000013a010b0000, 0x0000013a07ad0000]
CodeHeap 'non-nmethods': size=5760Kb used=1329Kb max_used=1389Kb free=4430Kb
 bounds [0x0000013a00000000, 0x0000013a00270000, 0x0000013a005a0000]
 total_blobs=7650 nmethods=4577 adapters=530
 compilation: enabled
              stopped_count=0, restarted_count=0
 full_count=0

Compilation events (20 events):
Event: 11.759 Thread 0x0000013a7f1fa000 nmethod 5196 0x0000013a07e3e210 code [0x0000013a07e3e3a0, 0x0000013a07e3e478]
Event: 11.760 Thread 0x0000013a15985800 nmethod 5131 0x0000013a07e3e510 code [0x0000013a07e3e700, 0x0000013a07e3eae8]
Event: 11.763 Thread 0x0000013a7f1fa000 5198       3       sun.util.locale.provider.LocaleProviderAdapter::getAdapter (177 bytes)
Event: 11.764 Thread 0x0000013a7f1fa000 nmethod 5198 0x0000013a010a0710 code [0x0000013a010a0a40, 0x0000013a010a20c8]
Event: 11.764 Thread 0x0000013a7f1fa000 5199       1       org.apache.catalina.webresources.CachedResource::getNextCheck (5 bytes)
Event: 11.764 Thread 0x0000013a7f1fa000 nmethod 5199 0x0000013a07e3ed90 code [0x0000013a07e3ef20, 0x0000013a07e3eff8]
Event: 11.764 Thread 0x0000013a7f1fa000 5201       3       org.apache.catalina.webresources.Cache$EvictionOrder::compare (31 bytes)
Event: 11.764 Thread 0x0000013a7f1fa000 nmethod 5201 0x0000013a010a2710 code [0x0000013a010a28c0, 0x0000013a010a2af8]
Event: 11.764 Thread 0x0000013a7f1fa000 5200       3       org.apache.catalina.webresources.Cache$EvictionOrder::compare (13 bytes)
Event: 11.764 Thread 0x0000013a7f1fa000 nmethod 5200 0x0000013a010a2c10 code [0x0000013a010a2dc0, 0x0000013a010a3258]
Event: 11.764 Thread 0x0000013a7f1fa000 5202       3       java.util.TreeSet::add (22 bytes)
Event: 11.764 Thread 0x0000013a7f1fa000 nmethod 5202 0x0000013a010a3390 code [0x0000013a010a3540, 0x0000013a010a37a8]
Event: 11.765 Thread 0x0000013a15985800 5203       4       java.util.HashMap::afterNodeRemoval (1 bytes)
Event: 11.765 Thread 0x0000013a7f1fa000 5204       3       jdk.internal.ref.PhantomCleanable::clear (12 bytes)
Event: 11.765 Thread 0x0000013a7f1fa000 nmethod 5204 0x0000013a010a3890 code [0x0000013a010a3a40, 0x0000013a010a3c68]
Event: 11.765 Thread 0x0000013a15985800 nmethod 5203 0x0000013a07e3f490 code [0x0000013a07e3f600, 0x0000013a07e3f678]
Event: 11.766 Thread 0x0000013a7f1fa000 5206       1       java.util.EventObject::getSource (5 bytes)
Event: 11.766 Thread 0x0000013a7f1fa000 nmethod 5206 0x0000013a07e3f790 code [0x0000013a07e3f920, 0x0000013a07e3f9f8]
Event: 11.767 Thread 0x0000013a7f1fa000 5207       3       java.util.concurrent.locks.ReentrantReadWriteLock$Sync::tryReleaseShared (146 bytes)
Event: 11.768 Thread 0x0000013a7f1fa000 nmethod 5207 0x0000013a010a3d10 code [0x0000013a010a3f60, 0x0000013a010a4b08]

GC Heap History (20 events):
Event: 11.068 GC heap before
{Heap before GC invocations=17 (full 0):
 garbage-first heap   total 61440K, used 48791K [0x0000000700000000, 0x0000000800000000)
  region size 1024K, 33 young (33792K), 2 survivors (2048K)
 Metaspace       used 37525K, capacity 38370K, committed 38704K, reserved 1083392K
  class space    used 3858K, capacity 4109K, committed 4224K, reserved 1048576K
}
Event: 11.069 GC heap after
{Heap after GC invocations=18 (full 0):
 garbage-first heap   total 61440K, used 18424K [0x0000000700000000, 0x0000000800000000)
  region size 1024K, 2 young (2048K), 2 survivors (2048K)
 Metaspace       used 37525K, capacity 38370K, committed 38704K, reserved 1083392K
  class space    used 3858K, capacity 4109K, committed 4224K, reserved 1048576K
}
Event: 11.122 GC heap before
{Heap before GC invocations=18 (full 0):
 garbage-first heap   total 61440K, used 50168K [0x0000000700000000, 0x0000000800000000)
  region size 1024K, 33 young (33792K), 2 survivors (2048K)
 Metaspace       used 37558K, capacity 38370K, committed 38704K, reserved 1083392K
  class space    used 3858K, capacity 4109K, committed 4224K, reserved 1048576K
}
Event: 11.124 GC heap after
{Heap after GC invocations=19 (full 0):
 garbage-first heap   total 61440K, used 18410K [0x0000000700000000, 0x0000000800000000)
  region size 1024K, 2 young (2048K), 2 survivors (2048K)
 Metaspace       used 37558K, capacity 38370K, committed 38704K, reserved 1083392K
  class space    used 3858K, capacity 4109K, committed 4224K, reserved 1048576K
}
Event: 11.177 GC heap before
{Heap before GC invocations=19 (full 0):
 garbage-first heap   total 61440K, used 50154K [0x0000000700000000, 0x0000000800000000)
  region size 1024K, 33 young (33792K), 2 survivors (2048K)
 Metaspace       used 37559K, capacity 38434K, committed 38704K, reserved 1083392K
  class space    used 3858K, capacity 4109K, committed 4224K, reserved 1048576K
}
Event: 11.179 GC heap after
{Heap after GC invocations=20 (full 0):
 garbage-first heap   total 61440K, used 18222K [0x0000000700000000, 0x0000000800000000)
  region size 1024K, 2 young (2048K), 2 survivors (2048K)
 Metaspace       used 37559K, capacity 38434K, committed 38704K, reserved 1083392K
  class space    used 3858K, capacity 4109K, committed 4224K, reserved 1048576K
}
Event: 11.233 GC heap before
{Heap before GC invocations=20 (full 0):
 garbage-first heap   total 61440K, used 50990K [0x0000000700000000, 0x0000000800000000)
  region size 1024K, 34 young (34816K), 2 survivors (2048K)
 Metaspace       used 37559K, capacity 38434K, committed 38704K, reserved 1083392K
  class space    used 3858K, capacity 4109K, committed 4224K, reserved 1048576K
}
Event: 11.235 GC heap after
{Heap after GC invocations=21 (full 0):
 garbage-first heap   total 61440K, used 18220K [0x0000000700000000, 0x0000000800000000)
  region size 1024K, 2 young (2048K), 2 survivors (2048K)
 Metaspace       used 37559K, capacity 38434K, committed 38704K, reserved 1083392K
  class space    used 3858K, capacity 4109K, committed 4224K, reserved 1048576K
}
Event: 11.293 GC heap before
{Heap before GC invocations=21 (full 0):
 garbage-first heap   total 61440K, used 50988K [0x0000000700000000, 0x0000000800000000)
  region size 1024K, 34 young (34816K), 2 survivors (2048K)
 Metaspace       used 37559K, capacity 38434K, committed 38704K, reserved 1083392K
  class space    used 3858K, capacity 4109K, committed 4224K, reserved 1048576K
}
Event: 11.294 GC heap after
{Heap after GC invocations=22 (full 0):
 garbage-first heap   total 61440K, used 17728K [0x0000000700000000, 0x0000000800000000)
  region size 1024K, 2 young (2048K), 2 survivors (2048K)
 Metaspace       used 37559K, capacity 38434K, committed 38704K, reserved 1083392K
  class space    used 3858K, capacity 4109K, committed 4224K, reserved 1048576K
}
Event: 11.347 GC heap before
{Heap before GC invocations=22 (full 0):
 garbage-first heap   total 61440K, used 50496K [0x0000000700000000, 0x0000000800000000)
  region size 1024K, 34 young (34816K), 2 survivors (2048K)
 Metaspace       used 37560K, capacity 38434K, committed 38704K, reserved 1083392K
  class space    used 3858K, capacity 4109K, committed 4224K, reserved 1048576K
}
Event: 11.348 GC heap after
{Heap after GC invocations=23 (full 0):
 garbage-first heap   total 61440K, used 17800K [0x0000000700000000, 0x0000000800000000)
  region size 1024K, 2 young (2048K), 2 survivors (2048K)
 Metaspace       used 37560K, capacity 38434K, committed 38704K, reserved 1083392K
  class space    used 3858K, capacity 4109K, committed 4224K, reserved 1048576K
}
Event: 11.404 GC heap before
{Heap before GC invocations=23 (full 0):
 garbage-first heap   total 61440K, used 51592K [0x0000000700000000, 0x0000000800000000)
  region size 1024K, 35 young (35840K), 2 survivors (2048K)
 Metaspace       used 37561K, capacity 38434K, committed 38704K, reserved 1083392K
  class space    used 3858K, capacity 4109K, committed 4224K, reserved 1048576K
}
Event: 11.405 GC heap after
{Heap after GC invocations=24 (full 0):
 garbage-first heap   total 61440K, used 18614K [0x0000000700000000, 0x0000000800000000)
  region size 1024K, 3 young (3072K), 3 survivors (3072K)
 Metaspace       used 37561K, capacity 38434K, committed 38704K, reserved 1083392K
  class space    used 3858K, capacity 4109K, committed 4224K, reserved 1048576K
}
Event: 11.458 GC heap before
{Heap before GC invocations=24 (full 0):
 garbage-first heap   total 61440K, used 50358K [0x0000000700000000, 0x0000000800000000)
  region size 1024K, 34 young (34816K), 3 survivors (3072K)
 Metaspace       used 37595K, capacity 38434K, committed 38704K, reserved 1083392K
  class space    used 3858K, capacity 4109K, committed 4224K, reserved 1048576K
}
Event: 11.460 GC heap after
{Heap after GC invocations=25 (full 0):
 garbage-first heap   total 61440K, used 18222K [0x0000000700000000, 0x0000000800000000)
  region size 1024K, 2 young (2048K), 2 survivors (2048K)
 Metaspace       used 37595K, capacity 38434K, committed 38704K, reserved 1083392K
  class space    used 3858K, capacity 4109K, committed 4224K, reserved 1048576K
}
Event: 11.512 GC heap before
{Heap before GC invocations=25 (full 0):
 garbage-first heap   total 61440K, used 52014K [0x0000000700000000, 0x0000000800000000)
  region size 1024K, 35 young (35840K), 2 survivors (2048K)
 Metaspace       used 37596K, capacity 38434K, committed 38704K, reserved 1083392K
  class space    used 3858K, capacity 4109K, committed 4224K, reserved 1048576K
}
Event: 11.514 GC heap after
{Heap after GC invocations=26 (full 0):
 garbage-first heap   total 161792K, used 18925K [0x0000000700000000, 0x0000000800000000)
  region size 1024K, 3 young (3072K), 3 survivors (3072K)
 Metaspace       used 37596K, capacity 38434K, committed 38704K, reserved 1083392K
  class space    used 3858K, capacity 4109K, committed 4224K, reserved 1048576K
}
Event: 11.687 GC heap before
{Heap before GC invocations=26 (full 0):
 garbage-first heap   total 161792K, used 112109K [0x0000000700000000, 0x0000000800000000)
  region size 1024K, 94 young (96256K), 3 survivors (3072K)
 Metaspace       used 37639K, capacity 38498K, committed 38704K, reserved 1083392K
  class space    used 3858K, capacity 4109K, committed 4224K, reserved 1048576K
}
Event: 11.689 GC heap after
{Heap after GC invocations=27 (full 0):
 garbage-first heap   total 161792K, used 17860K [0x0000000700000000, 0x0000000800000000)
  region size 1024K, 2 young (2048K), 2 survivors (2048K)
 Metaspace       used 37639K, capacity 38498K, committed 38704K, reserved 1083392K
  class space    used 3858K, capacity 4109K, committed 4224K, reserved 1048576K
}

Deoptimization events (20 events):
Event: 11.652 Thread 0x0000013a16211800 Uncommon trap: trap_request=0xffffff45 fr.pc=0x0000013a07d92a90 relative=0x0000000000001090
Event: 11.652 Thread 0x0000013a16211800 Uncommon trap: reason=unstable_if action=reinterpret pc=0x0000013a07d92a90 method=java.lang.String.trim()Ljava/lang/String; @ 4 c2
Event: 11.652 Thread 0x0000013a16211800 DEOPT PACKING pc=0x0000013a07d92a90 sp=0x0000000cb44fd990
Event: 11.652 Thread 0x0000013a16211800 DEOPT UNPACKING pc=0x0000013a0004912f sp=0x0000000cb44fd898 mode 2
Event: 11.680 Thread 0x0000013a16211800 DEOPT PACKING pc=0x0000013a0075fbfe sp=0x0000000cb44fcad0
Event: 11.680 Thread 0x0000013a16211800 DEOPT UNPACKING pc=0x0000013a0004964e sp=0x0000000cb44fbf08 mode 0
Event: 11.685 Thread 0x0000013a16211800 DEOPT PACKING pc=0x0000013a0080edea sp=0x0000000cb44fd120
Event: 11.685 Thread 0x0000013a16211800 DEOPT UNPACKING pc=0x0000013a0004964e sp=0x0000000cb44fc598 mode 0
Event: 11.694 Thread 0x0000013a16211800 DEOPT PACKING pc=0x0000013a0080edea sp=0x0000000cb44fd0c0
Event: 11.694 Thread 0x0000013a16211800 DEOPT UNPACKING pc=0x0000013a0004964e sp=0x0000000cb44fc538 mode 0
Event: 11.748 Thread 0x0000013a7fb9e000 DEOPT PACKING pc=0x0000013a0063d9ee sp=0x0000000cb3bfdc70
Event: 11.748 Thread 0x0000013a7fb9e000 DEOPT UNPACKING pc=0x0000013a0004964e sp=0x0000000cb3bfd128 mode 0
Event: 11.764 Thread 0x0000013a7fb9e000 Uncommon trap: trap_request=0xffffffc6 fr.pc=0x0000013a07d7cc8c relative=0x000000000000392c
Event: 11.764 Thread 0x0000013a7fb9e000 Uncommon trap: reason=bimorphic_or_optimized_type_check action=maybe_recompile pc=0x0000013a07d7cc8c method=java.util.AbstractCollection.addAll(Ljava/util/Collection;)Z @ 29 c2
Event: 11.764 Thread 0x0000013a7fb9e000 DEOPT PACKING pc=0x0000013a07d7cc8c sp=0x0000000cb3bfe540
Event: 11.764 Thread 0x0000013a7fb9e000 DEOPT UNPACKING pc=0x0000013a0004912f sp=0x0000000cb3bfe540 mode 2
Event: 11.767 Thread 0x0000013a7fb9e000 Uncommon trap: trap_request=0xffffffc6 fr.pc=0x0000013a07d7cc8c relative=0x000000000000392c
Event: 11.767 Thread 0x0000013a7fb9e000 Uncommon trap: reason=bimorphic_or_optimized_type_check action=maybe_recompile pc=0x0000013a07d7cc8c method=java.util.AbstractCollection.addAll(Ljava/util/Collection;)Z @ 29 c2
Event: 11.767 Thread 0x0000013a7fb9e000 DEOPT PACKING pc=0x0000013a07d7cc8c sp=0x0000000cb3bfe540
Event: 11.767 Thread 0x0000013a7fb9e000 DEOPT UNPACKING pc=0x0000013a0004912f sp=0x0000000cb3bfe540 mode 2

Classes unloaded (4 events):
Event: 3.712 Thread 0x0000013a7e940000 Unloading class 0x0000000800c17c40 'sun/rmi/transport/tcp/TCPTransport$ConnectionHandler$$Lambda$136'
Event: 10.526 Thread 0x0000013a7e940000 Unloading class 0x0000000800c74440 'sun/management/spi/PlatformMBeanProvider$PlatformComponent$$Lambda$160'
Event: 10.526 Thread 0x0000013a7e940000 Unloading class 0x0000000800c74840 'java/lang/management/ManagementFactory$PlatformMBeanFinder$$Lambda$157'
Event: 10.526 Thread 0x0000013a7e940000 Unloading class 0x0000000800c75040 'java/lang/management/ManagementFactory$PlatformMBeanFinder$$Lambda$155'

Classes redefined (0 events):
No events

Internal exceptions (20 events):
Event: 10.625 Thread 0x0000013a16210000 Exception <a 'java/lang/NoSuchMethodError'{0x0000000703070c48}: 'java.lang.Object java.lang.invoke.DirectMethodHandle$Holder.invokeSpecial(java.lang.Object, java.lang.Object, java.lang.Object, java.lang.Object, java.lang.Object, int)'> (0x0000000703070c48) 
thrown [./open/src/hotspot/share/interpreter/linkResolver.cpp, line 766]
Event: 10.671 Thread 0x0000013a7fb9e000 Exception <a 'java/io/FileNotFoundException'{0x0000000702d848d8}> (0x0000000702d848d8) 
thrown [./open/src/hotspot/share/prims/jni.cpp, line 599]
Event: 10.676 Thread 0x0000013a16210000 Exception <a 'java/lang/ClassNotFoundException'{0x0000000702df6b80}: org/apache/taglibs/standard/tag/common/core/ChooseTagBeanInfo> (0x0000000702df6b80) 
thrown [./open/src/hotspot/share/classfile/systemDictionary.cpp, line 226]
Event: 10.677 Thread 0x0000013a16210000 Exception <a 'java/lang/ClassNotFoundException'{0x0000000702c0f3a8}: javax/servlet/jsp/tagext/TagSupportBeanInfo> (0x0000000702c0f3a8) 
thrown [./open/src/hotspot/share/classfile/systemDictionary.cpp, line 226]
Event: 10.678 Thread 0x0000013a16210000 Exception <a 'java/lang/ClassNotFoundException'{0x0000000702c1ced0}: javax/servlet/jsp/tagext/TagSupportCustomizer> (0x0000000702c1ced0) 
thrown [./open/src/hotspot/share/classfile/systemDictionary.cpp, line 226]
Event: 10.679 Thread 0x0000013a16210000 Exception <a 'java/lang/ClassNotFoundException'{0x0000000702c662d0}: org/apache/taglibs/standard/tag/common/core/ChooseTagCustomizer> (0x0000000702c662d0) 
thrown [./open/src/hotspot/share/classfile/systemDictionary.cpp, line 226]
Event: 10.680 Thread 0x0000013a7fb9e000 Exception <a 'java/io/FileNotFoundException'{0x0000000702c99030}> (0x0000000702c99030) 
thrown [./open/src/hotspot/share/prims/jni.cpp, line 599]
Event: 10.681 Thread 0x0000013a16210000 Exception <a 'java/lang/ClassNotFoundException'{0x0000000702cab430}: org/apache/taglibs/standard/tag/rt/core/WhenTagBeanInfo> (0x0000000702cab430) 
thrown [./open/src/hotspot/share/classfile/systemDictionary.cpp, line 226]
Event: 10.682 Thread 0x0000013a16210000 Exception <a 'java/lang/ClassNotFoundException'{0x0000000702cc2138}: org/apache/taglibs/standard/tag/common/core/WhenTagSupportBeanInfo> (0x0000000702cc2138) 
thrown [./open/src/hotspot/share/classfile/systemDictionary.cpp, line 226]
Event: 10.684 Thread 0x0000013a16210000 Exception <a 'java/lang/ClassNotFoundException'{0x0000000702ce34a0}: javax/servlet/jsp/jstl/core/ConditionalTagSupportBeanInfo> (0x0000000702ce34a0) 
thrown [./open/src/hotspot/share/classfile/systemDictionary.cpp, line 226]
Event: 10.685 Thread 0x0000013a16210000 Exception <a 'java/lang/ClassNotFoundException'{0x0000000702b137a8}: javax/servlet/jsp/jstl/core/ConditionalTagSupportCustomizer> (0x0000000702b137a8) 
thrown [./open/src/hotspot/share/classfile/systemDictionary.cpp, line 226]
Event: 10.686 Thread 0x0000013a16210000 Exception <a 'java/lang/ClassNotFoundException'{0x0000000702b4f5b0}: org/apache/taglibs/standard/tag/common/core/WhenTagSupportCustomizer> (0x0000000702b4f5b0) 
thrown [./open/src/hotspot/share/classfile/systemDictionary.cpp, line 226]
Event: 10.687 Thread 0x0000013a16210000 Exception <a 'java/lang/ClassNotFoundException'{0x0000000702b6b658}: org/apache/taglibs/standard/tag/rt/core/WhenTagCustomizer> (0x0000000702b6b658) 
thrown [./open/src/hotspot/share/classfile/systemDictionary.cpp, line 226]
Event: 10.688 Thread 0x0000013a16210000 Exception <a 'java/lang/ClassNotFoundException'{0x0000000702bb41b0}: org/apache/taglibs/standard/tag/common/core/OtherwiseTagBeanInfo> (0x0000000702bb41b0) 
thrown [./open/src/hotspot/share/classfile/systemDictionary.cpp, line 226]
Event: 10.689 Thread 0x0000013a16210000 Exception <a 'java/lang/ClassNotFoundException'{0x0000000702a6e878}: org/apache/taglibs/standard/tag/common/core/OtherwiseTagCustomizer> (0x0000000702a6e878) 
thrown [./open/src/hotspot/share/classfile/systemDictionary.cpp, line 226]
Event: 10.698 Thread 0x0000013a16210000 Exception <a 'java/lang/ArrayIndexOutOfBoundsException'{0x0000000702816740}> (0x0000000702816740) 
thrown [./open/src/hotspot/share/runtime/sharedRuntime.cpp, line 584]
Event: 10.818 Thread 0x0000013a16210000 Exception <a 'java/lang/ClassNotFoundException'{0x0000000702686188}: user_Model/user_MBeanInfo> (0x0000000702686188) 
thrown [./open/src/hotspot/share/classfile/systemDictionary.cpp, line 226]
Event: 10.819 Thread 0x0000013a16210000 Exception <a 'java/lang/ClassNotFoundException'{0x0000000702526f70}: user_Model/user_MCustomizer> (0x0000000702526f70) 
thrown [./open/src/hotspot/share/classfile/systemDictionary.cpp, line 226]
Event: 11.656 Thread 0x0000013a16211800 Exception <a 'java/lang/ArrayIndexOutOfBoundsException'{0x000000070518ad48}> (0x000000070518ad48) 
thrown [./open/src/hotspot/share/runtime/sharedRuntime.cpp, line 584]
Event: 11.759 Thread 0x0000013a7fb9e000 Exception <a 'java/io/FileNotFoundException'{0x00000007084112b0}> (0x00000007084112b0) 
thrown [./open/src/hotspot/share/prims/jni.cpp, line 599]

Events (20 events):
Event: 11.766 Executing VM operation: HandshakeOneThread
Event: 11.766 Executing VM operation: HandshakeOneThread done
Event: 11.766 Executing VM operation: HandshakeOneThread
Event: 11.766 Executing VM operation: HandshakeOneThread done
Event: 11.766 Executing VM operation: HandshakeOneThread
Event: 11.766 Executing VM operation: HandshakeOneThread done
Event: 11.766 Executing VM operation: HandshakeOneThread
Event: 11.766 Executing VM operation: HandshakeOneThread done
Event: 11.766 Executing VM operation: HandshakeOneThread
Event: 11.766 Executing VM operation: HandshakeOneThread done
Event: 11.766 Executing VM operation: HandshakeOneThread
Event: 11.766 Executing VM operation: HandshakeOneThread done
Event: 11.766 Executing VM operation: HandshakeOneThread
Event: 11.766 Executing VM operation: HandshakeOneThread done
Event: 11.766 Executing VM operation: HandshakeOneThread
Event: 11.766 Executing VM operation: HandshakeOneThread done
Event: 11.766 Executing VM operation: HandshakeOneThread
Event: 11.766 Executing VM operation: HandshakeOneThread done
Event: 11.766 Executing VM operation: BulkRevokeBias
Event: 11.767 Executing VM operation: BulkRevokeBias done


Dynamic libraries:
0x00007ff68bab0000 - 0x00007ff68babd000 	C:\Users\PC\.jdks\openjdk-14.0.1\bin\java.exe
0x00007ff9df490000 - 0x00007ff9df67d000 	C:\Windows\SYSTEM32\ntdll.dll
0x00007ff9dcdd0000 - 0x00007ff9dce83000 	C:\Windows\System32\KERNEL32.DLL
0x00007ff9dc0a0000 - 0x00007ff9dc335000 	C:\Windows\System32\KERNELBASE.dll
0x00007ff9dc5b0000 - 0x00007ff9dc6aa000 	C:\Windows\System32\ucrtbase.dll
0x00007ff9d07a0000 - 0x00007ff9d07b8000 	C:\Users\PC\.jdks\openjdk-14.0.1\bin\jli.dll
0x00007ff9c45f0000 - 0x00007ff9c4605000 	C:\Users\PC\.jdks\openjdk-14.0.1\bin\VCRUNTIME140.dll
0x00007ff9dce90000 - 0x00007ff9dd027000 	C:\Windows\System32\USER32.dll
0x00007ff9beda0000 - 0x00007ff9bf019000 	C:\Windows\WinSxS\amd64_microsoft.windows.common-controls_6595b64144ccf1df_6.0.17763.1282_none_de75b6f253473c0f\COMCTL32.dll
0x00007ff9dc340000 - 0x00007ff9dc360000 	C:\Windows\System32\win32u.dll
0x00007ff9df410000 - 0x00007ff9df439000 	C:\Windows\System32\GDI32.dll
0x00007ff9dd690000 - 0x00007ff9dd72e000 	C:\Windows\System32\msvcrt.dll
0x00007ff9dc360000 - 0x00007ff9dc4fa000 	C:\Windows\System32\gdi32full.dll
0x00007ff9dd7a0000 - 0x00007ff9ddacc000 	C:\Windows\System32\combase.dll
0x00007ff9db5d0000 - 0x00007ff9db670000 	C:\Windows\System32\msvcp_win.dll
0x00007ff9ddad0000 - 0x00007ff9ddbf2000 	C:\Windows\System32\RPCRT4.dll
0x00007ff9db550000 - 0x00007ff9db5ce000 	C:\Windows\System32\bcryptPrimitives.dll
0x00007ff9dd2b0000 - 0x00007ff9dd2de000 	C:\Windows\System32\IMM32.DLL
0x00007ff9c3af0000 - 0x00007ff9c3b8b000 	C:\Users\PC\.jdks\openjdk-14.0.1\bin\msvcp140.dll
0x00007ff99f870000 - 0x00007ff9a038e000 	C:\Users\PC\.jdks\openjdk-14.0.1\bin\server\jvm.dll
0x00007ff9dd390000 - 0x00007ff9dd433000 	C:\Windows\System32\ADVAPI32.dll
0x00007ff9dd440000 - 0x00007ff9dd4de000 	C:\Windows\System32\sechost.dll
0x00007ff9dd240000 - 0x00007ff9dd248000 	C:\Windows\System32\PSAPI.DLL
0x00007ff9d9900000 - 0x00007ff9d9909000 	C:\Windows\SYSTEM32\WSOCK32.dll
0x00007ff9d9610000 - 0x00007ff9d961a000 	C:\Windows\SYSTEM32\VERSION.dll
0x00007ff9d8650000 - 0x00007ff9d8674000 	C:\Windows\SYSTEM32\WINMM.dll
0x00007ff9dd730000 - 0x00007ff9dd79d000 	C:\Windows\System32\WS2_32.dll
0x00007ff9d7e90000 - 0x00007ff9d7ebd000 	C:\Windows\SYSTEM32\winmmbase.dll
0x00007ff9db6f0000 - 0x00007ff9db73a000 	C:\Windows\System32\cfgmgr32.dll
0x00007ff9db500000 - 0x00007ff9db511000 	C:\Windows\System32\kernel.appcore.dll
0x00007ff9d0ae0000 - 0x00007ff9d0aea000 	C:\Users\PC\.jdks\openjdk-14.0.1\bin\jimage.dll
0x00007ff9dafb0000 - 0x00007ff9db19d000 	C:\Windows\SYSTEM32\DBGHELP.DLL
0x00007ff9dad10000 - 0x00007ff9dad3a000 	C:\Windows\SYSTEM32\dbgcore.DLL
0x00007ff9c4540000 - 0x00007ff9c4565000 	C:\Users\PC\.jdks\openjdk-14.0.1\bin\java.dll
0x00007ff9c45d0000 - 0x00007ff9c45e6000 	C:\Users\PC\.jdks\openjdk-14.0.1\bin\zip.dll
0x00007ff9ddd70000 - 0x00007ff9df268000 	C:\Windows\System32\SHELL32.dll
0x00007ff9dd2e0000 - 0x00007ff9dd388000 	C:\Windows\System32\shcore.dll
0x00007ff9db740000 - 0x00007ff9dbe8f000 	C:\Windows\System32\windows.storage.dll
0x00007ff9db520000 - 0x00007ff9db544000 	C:\Windows\System32\profapi.dll
0x00007ff9db480000 - 0x00007ff9db4dd000 	C:\Windows\System32\powrprof.dll
0x00007ff9dd250000 - 0x00007ff9dd2a2000 	C:\Windows\System32\shlwapi.dll
0x00007ff9db6d0000 - 0x00007ff9db6e7000 	C:\Windows\System32\cryptsp.dll
0x00007ff9c4370000 - 0x00007ff9c4389000 	C:\Users\PC\.jdks\openjdk-14.0.1\bin\net.dll
0x00007ff9d3910000 - 0x00007ff9d3a02000 	C:\Windows\SYSTEM32\WINHTTP.dll
0x00007ff9da900000 - 0x00007ff9da967000 	C:\Windows\system32\mswsock.dll
0x00007ff9c3d30000 - 0x00007ff9c3d42000 	C:\Users\PC\.jdks\openjdk-14.0.1\bin\nio.dll
0x00007ff9c3d10000 - 0x00007ff9c3d19000 	C:\Users\PC\.jdks\openjdk-14.0.1\bin\management_agent.dll
0x00007ff9d0540000 - 0x00007ff9d0549000 	C:\Users\PC\.jdks\openjdk-14.0.1\bin\management.dll
0x00007ff9c4530000 - 0x00007ff9c453b000 	C:\Users\PC\.jdks\openjdk-14.0.1\bin\management_ext.dll
0x00007ff9c4510000 - 0x00007ff9c4526000 	C:\Windows\system32\napinsp.dll
0x00007ff9c4390000 - 0x00007ff9c43aa000 	C:\Windows\system32\pnrpnsp.dll
0x00007ff9da660000 - 0x00007ff9da727000 	C:\Windows\SYSTEM32\DNSAPI.dll
0x00007ff9df400000 - 0x00007ff9df408000 	C:\Windows\System32\NSI.dll
0x00007ff9da620000 - 0x00007ff9da65d000 	C:\Windows\SYSTEM32\IPHLPAPI.DLL
0x00007ff9d7310000 - 0x00007ff9d731e000 	C:\Windows\System32\winrnr.dll
0x00007ff9d72d0000 - 0x00007ff9d72eb000 	C:\Windows\system32\NLAapi.dll
0x00007ff9d4c10000 - 0x00007ff9d4c25000 	C:\Windows\system32\wshbth.dll
0x00007ff9d15a0000 - 0x00007ff9d15aa000 	C:\Windows\System32\rasadhlp.dll
0x00007ff9d3830000 - 0x00007ff9d38a9000 	C:\Windows\System32\fwpuclnt.dll
0x00007ff9dbe90000 - 0x00007ff9dbeb6000 	C:\Windows\System32\bcrypt.dll
0x00007ff9da480000 - 0x00007ff9da4b3000 	C:\Windows\system32\rsaenh.dll
0x00007ff9db3b0000 - 0x00007ff9db3d8000 	C:\Windows\SYSTEM32\USERENV.dll
0x00007ff9daad0000 - 0x00007ff9daadc000 	C:\Windows\SYSTEM32\CRYPTBASE.dll
0x00007ff9d4440000 - 0x00007ff9d4456000 	C:\Windows\SYSTEM32\dhcpcsvc6.DLL
0x00007ff9d4420000 - 0x00007ff9d443c000 	C:\Windows\SYSTEM32\dhcpcsvc.DLL
0x0000000180000000 - 0x0000000180282000 	C:\Users\PC\IdeaProjects\apache-tomcat-9.0.34\bin\tcnative-1.dll
0x00007ff9dbec0000 - 0x00007ff9dc09c000 	C:\Windows\System32\CRYPT32.dll
0x00007ff9db4e0000 - 0x00007ff9db4f2000 	C:\Windows\System32\MSASN1.dll
0x00007ff9d0830000 - 0x00007ff9d0840000 	C:\Users\PC\.jdks\openjdk-14.0.1\bin\verify.dll
0x00007ff9be610000 - 0x00007ff9be635000 	C:\Users\PC\.jdks\openjdk-14.0.1\bin\sunec.dll
0x00007ff9be600000 - 0x00007ff9be60e000 	C:\Users\PC\.jdks\openjdk-14.0.1\bin\sunmscapi.dll
0x00007ff9dabf0000 - 0x00007ff9dac16000 	C:\Windows\SYSTEM32\ncrypt.dll
0x00007ff9dab90000 - 0x00007ff9dabcc000 	C:\Windows\SYSTEM32\NTASN1.dll

dbghelp: loaded successfully - version: 4.0.5 - missing functions: none
symbol engine: initialized successfully - sym options: 0x614 - pdb path: .;C:\Users\PC\.jdks\openjdk-14.0.1\bin;C:\Windows\SYSTEM32;C:\Windows\WinSxS\amd64_microsoft.windows.common-controls_6595b64144ccf1df_6.0.17763.1282_none_de75b6f253473c0f;C:\Users\PC\.jdks\openjdk-14.0.1\bin\server;C:\Users\PC\IdeaProjects\apache-tomcat-9.0.34\bin

VM Arguments:
jvm_args: --add-opens=java.base/java.lang=ALL-UNNAMED --add-opens=java.base/java.io=ALL-UNNAMED --add-opens=java.rmi/sun.rmi.transport=ALL-UNNAMED -Djava.util.logging.config.file=C:\Users\PC\AppData\Local\JetBrains\IntelliJIdea2020.1\tomcat\Unnamed_Test_Project\conf\logging.properties -Djava.util.logging.manager=org.apache.juli.ClassLoaderLogManager -Dcom.sun.management.jmxremote= -Dcom.sun.management.jmxremote.port=1099 -Dcom.sun.management.jmxremote.ssl=false -Dcom.sun.management.jmxremote.password.file=C:\Users\PC\AppData\Local\JetBrains\IntelliJIdea2020.1\tomcat\Unnamed_Test_Project\jmxremote.password -Dcom.sun.management.jmxremote.access.file=C:\Users\PC\AppData\Local\JetBrains\IntelliJIdea2020.1\tomcat\Unnamed_Test_Project\jmxremote.access -Djava.rmi.server.hostname=127.0.0.1 -Djdk.tls.ephemeralDHKeySize=2048 -Djava.protocol.handler.pkgs=org.apache.catalina.webresources -Dignore.endorsed.dirs= -Dcatalina.base=C:\Users\PC\AppData\Local\JetBrains\IntelliJIdea2020.1\tomcat\Unnamed_Test_Project -Dcatalina.home=C:\Users\PC\IdeaProjects\apache-tomcat-9.0.34 -Djava.io.tmpdir=C:\Users\PC\IdeaProjects\apache-tomcat-9.0.34\temp 
java_command: org.apache.catalina.startup.Bootstrap start
java_class_path (initial): C:\Users\PC\IdeaProjects\apache-tomcat-9.0.34\bin\bootstrap.jar;C:\Users\PC\IdeaProjects\apache-tomcat-9.0.34\bin\tomcat-juli.jar
Launcher Type: SUN_STANDARD

[Global flags]
     intx CICompilerCount                          = 3                                         {product} {ergonomic}
     uint ConcGCThreads                            = 2                                         {product} {ergonomic}
     uint G1ConcRefinementThreads                  = 6                                         {product} {ergonomic}
   size_t G1HeapRegionSize                         = 1048576                                   {product} {ergonomic}
    uintx GCDrainStackTargetSize                   = 64                                        {product} {ergonomic}
   size_t InitialHeapSize                          = 268435456                                 {product} {ergonomic}
     bool ManagementServer                         = true                                      {product} {command line}
   size_t MarkStackSize                            = 4194304                                   {product} {ergonomic}
   size_t MaxHeapSize                              = 4294967296                                {product} {ergonomic}
   size_t MaxNewSize                               = 2576351232                                {product} {ergonomic}
   size_t MinHeapDeltaBytes                        = 1048576                                   {product} {ergonomic}
   size_t MinHeapSize                              = 8388608                                   {product} {ergonomic}
    uintx NonNMethodCodeHeapSize                   = 5832780                                {pd product} {ergonomic}
    uintx NonProfiledCodeHeapSize                  = 122912730                              {pd product} {ergonomic}
    uintx ProfiledCodeHeapSize                     = 122912730                              {pd product} {ergonomic}
    uintx ReservedCodeCacheSize                    = 251658240                              {pd product} {ergonomic}
     bool SegmentedCodeCache                       = true                                      {product} {ergonomic}
   size_t SoftMaxHeapSize                          = 4294967296                             {manageable} {ergonomic}
     bool UseCompressedClassPointers               = true                                 {lp64_product} {ergonomic}
     bool UseCompressedOops                        = true                                 {lp64_product} {ergonomic}
     bool UseG1GC                                  = true                                      {product} {ergonomic}
     bool UseLargePagesIndividualAllocation        = false                                  {pd product} {ergonomic}

Logging:
Log output configuration:
 #0: stdout all=warning uptime,level,tags
 #1: stderr all=off uptime,level,tags

Environment Variables:
JAVA_HOME=C:\Users\PC\.jdks\openjdk-14.0.1
JRE_HOME=C:\Users\PC\.jdks\openjdk-14.0.1
CLASSPATH=C:\Users\PC\IdeaProjects\apache-tomcat-9.0.34\bin\bootstrap.jar;C:\Users\PC\IdeaProjects\apache-tomcat-9.0.34\bin\tomcat-juli.jar
PATH=C:\Program Files\Microsoft MPI\Bin\;C:\Program Files (x86)\Common Files\Oracle\Java\javapath;C:\Windows\system32;C:\Windows;C:\Windows\System32\Wbem;C:\Windows\System32\WindowsPowerShell\v1.0\;C:\Windows\System32\OpenSSH\;C:\Program Files (x86)\Microsoft SQL Server\130\Tools\Binn\;C:\Program Files\Microsoft SQL Server\130\Tools\Binn\;C:\Program Files (x86)\Microsoft SQL Server\130\DTS\Binn\;C:\Program Files\Microsoft SQL Server\130\DTS\Binn\;C:\Program Files\Microsoft SQL Server\Client SDK\ODBC\130\Tools\Binn\;C:\Program Files (x86)\Microsoft SQL Server\150\DTS\Binn\;C:\Users\PC\AppData\Local\Microsoft\WindowsApps;;C:\Program Files\JetBrains\IntelliJ IDEA 2020.1\bin;
USERNAME=PC
OS=Windows_NT
PROCESSOR_IDENTIFIER=AMD64 Family 23 Model 113 Stepping 0, AuthenticAMD



---------------  S Y S T E M  ---------------

OS: Windows 10 , 64 bit Build 17763 (10.0.17763.1158)
OS uptime: 0 days 1:08 hours
VMWare virtualization detected

CPU:total 6 (initial active 6) (3 cores per cpu, 2 threads per core) family 23 model 113 stepping 0, cmov, cx8, fxsr, mmx, sse, sse2, sse3, ssse3, sse4.1, sse4.2, popcnt, avx, avx2, aes, clmul, mmxext, 3dnowpref, lzcnt, sse4a, ht, tsc, tscinvbit, tscinv, bmi1, bmi2, adx, sha, fma

Memory: 4k page, system-wide physical 16382M (11024M free)
TotalPageFile size 18814M (AvailPageFile size 11370M)
current process WorkingSet (physical memory assigned to process): 321M, peak: 321M
current process commit charge ("private bytes"): 369M, peak: 423M

vm_info: OpenJDK 64-Bit Server VM (14.0.1+7) for windows-amd64 JRE (14.0.1+7), built on Mar  5 2020 10:30:04 by "mach5one" with MS VC++ 15.9 (VS2017)

END.
